<?xml version="1.0" encoding="UTF-8"?>
<!-- Generated by org.testng.reporters.JUnitXMLReporter -->
<testsuite hostname="LAPTOP-IIRF7F8F" ignored="0" name="michaelkorsTests" tests="10" failures="0" timestamp="2020-12-18T08:39:41 EST" time="292.002" errors="0">
  <testcase name="JoinTest" time="30.122" classname="com.michaelkors.testCases.TC_JoinTest_001"/>
  <testcase name="JoinDDT" time="30.202" classname="com.michaelkors.testCases.TC_JoinDDT_002"/>
  <testcase name="JoinDDT" time="15.043" classname="com.michaelkors.testCases.TC_JoinDDT_002"/>
  <testcase name="JoinDDT" time="13.631" classname="com.michaelkors.testCases.TC_JoinDDT_002"/>
  <testcase name="JoinDDT" time="13.87" classname="com.michaelkors.testCases.TC_JoinDDT_002"/>
  <testcase name="LoginTest" time="19.098" classname="com.michaelkors.testCases.TC_LoginTest_003"/>
  <testcase name="loginTest" time="23.644" classname="com.michaelkors.testCases.TC_LoginDDT_004"/>
  <testcase name="loginTest" time="43.571" classname="com.michaelkors.testCases.TC_LoginDDT_004"/>
  <testcase name="loginTest" time="44.126" classname="com.michaelkors.testCases.TC_LoginDDT_004"/>
  <testcase name="loginTest" time="43.688" classname="com.michaelkors.testCases.TC_LoginDDT_004"/>
</testsuite> <!-- michaelkorsTests -->
